Using pre-set license
Built from '2021.3/staging' branch; Version is '2021.3.19f1 (c9714fde33b6) revision 13201743'; Using compiler version '192829333'; Build Type 'Release'
OS: 'Windows 10  (10.0.19045) 64bit Core' Language: 'en' Physical Memory: 15791 MB
BatchMode: 1, IsHumanControllingUs: 0, StartBugReporterOnCrash: 0, Is64bit: 1, IsPro: 1

COMMAND LINE ARGUMENTS:
C:\Program Files\Unity\Hub\Editor\2021.3.19f1\Editor\Unity.exe
-adb2
-batchMode
-noUpm
-name
AssetImportWorker5
-projectPath
D:/UnityProjects1Tb/Galeria3D
-logFile
Logs/AssetImportWorker5.log
-srvPort
65479
Successfully changed project path to: D:/UnityProjects1Tb/Galeria3D
D:/UnityProjects1Tb/Galeria3D
[UnityMemory] Configuration Parameters - Can be set up in boot.config
    "memorysetup-bucket-allocator-granularity=16"
    "memorysetup-bucket-allocator-bucket-count=8"
    "memorysetup-bucket-allocator-block-size=33554432"
    "memorysetup-bucket-allocator-block-count=8"
    "memorysetup-main-allocator-block-size=16777216"
    "memorysetup-thread-allocator-block-size=16777216"
    "memorysetup-gfx-main-allocator-block-size=16777216"
    "memorysetup-gfx-thread-allocator-block-size=16777216"
    "memorysetup-cache-allocator-block-size=4194304"
    "memorysetup-typetree-allocator-block-size=2097152"
    "memorysetup-profiler-bucket-allocator-granularity=16"
    "memorysetup-profiler-bucket-allocator-bucket-count=8"
    "memorysetup-profiler-bucket-allocator-block-size=33554432"
    "memorysetup-profiler-bucket-allocator-block-count=8"
    "memorysetup-profiler-allocator-block-size=16777216"
    "memorysetup-profiler-editor-allocator-block-size=1048576"
    "memorysetup-temp-allocator-size-main=16777216"
    "memorysetup-job-temp-allocator-block-size=2097152"
    "memorysetup-job-temp-allocator-block-size-background=1048576"
    "memorysetup-job-temp-allocator-reduction-small-platforms=262144"
    "memorysetup-temp-allocator-size-background-worker=32768"
    "memorysetup-temp-allocator-size-job-worker=262144"
    "memorysetup-temp-allocator-size-preload-manager=33554432"
    "memorysetup-temp-allocator-size-nav-mesh-worker=65536"
    "memorysetup-temp-allocator-size-audio-worker=65536"
    "memorysetup-temp-allocator-size-cloud-worker=32768"
    "memorysetup-temp-allocator-size-gi-baking-worker=262144"
    "memorysetup-temp-allocator-size-gfx=262144"
Unable to join player connection multicast group (err: 10022).
Unable to join player connection alternative multicast group (err: 10022).
Refreshing native plugins compatible for Editor in 127.40 ms, found 10 plugins.
Preloading 1 native plugins for Editor in 1.14 ms.
Initialize engine version: 2021.3.19f1 (c9714fde33b6)
[Subsystems] Discovering subsystems at path C:/Program Files/Unity/Hub/Editor/2021.3.19f1/Editor/Data/Resources/UnitySubsystems
[Subsystems] Discovering subsystems at path D:/UnityProjects1Tb/Galeria3D/Assets
GfxDevice: creating device client; threaded=0; jobified=0
Direct3D:
    Version:  Direct3D 11.0 [level 11.1]
    Renderer: NVIDIA GeForce RTX 3060 Laptop GPU (ID=0x2520)
    Vendor:   NVIDIA
    VRAM:     6023 MB
    Driver:   31.0.15.2225
Initialize mono
Mono path[0] = 'C:/Program Files/Unity/Hub/Editor/2021.3.19f1/Editor/Data/Managed'
Mono path[1] = 'C:/Program Files/Unity/Hub/Editor/2021.3.19f1/Editor/Data/MonoBleedingEdge/lib/mono/unityjit-win32'
Mono config path = 'C:/Program Files/Unity/Hub/Editor/2021.3.19f1/Editor/Data/MonoBleedingEdge/etc'
Using monoOptions --debugger-agent=transport=dt_socket,embedding=1,server=y,suspend=n,address=127.0.0.1:56972
Begin MonoManager ReloadAssembly
Registering precompiled unity dll's ...
Register platform support module: C:/Program Files/Unity/Hub/Editor/2021.3.19f1/Editor/Data/PlaybackEngines/AndroidPlayer/UnityEditor.Android.Extensions.dll
Register platform support module: C:/Program Files/Unity/Hub/Editor/2021.3.19f1/Editor/Data/PlaybackEngines/iOSSupport/UnityEditor.iOS.Extensions.dll
Register platform support module: C:/Program Files/Unity/Hub/Editor/2021.3.19f1/Editor/Data/PlaybackEngines/AppleTVSupport/UnityEditor.AppleTV.Extensions.dll
Register platform support module: C:/Program Files/Unity/Hub/Editor/2021.3.19f1/Editor/Data/PlaybackEngines/WindowsStandaloneSupport/UnityEditor.WindowsStandalone.Extensions.dll
Registered in 0.017808 seconds.
Native extension for WindowsStandalone target not found
[usbmuxd] Start listen thread
[usbmuxd] Listen thread started
Native extension for AppleTV target not found
[usbmuxd] Start listen thread
[usbmuxd] Listen thread started
Native extension for iOS target not found
Native extension for Android target not found
Android Extension - Scanning For ADB Devices 433 ms
Refreshing native plugins compatible for Editor in 108.22 ms, found 10 plugins.
Preloading 1 native plugins for Editor in 0.08 ms.
Mono: successfully reloaded assembly
- Completed reload, in  1.314 seconds
Domain Reload Profiling:
	ReloadAssembly (1315ms)
		BeginReloadAssembly (119ms)
			ExecutionOrderSort (0ms)
			DisableScriptedObjects (0ms)
			BackupInstance (0ms)
			ReleaseScriptingObjects (0ms)
			CreateAndSetChildDomain (1ms)
		EndReloadAssembly (1044ms)
			LoadAssemblies (116ms)
			RebuildTransferFunctionScriptingTraits (0ms)
			SetupTypeCache (140ms)
			ReleaseScriptCaches (0ms)
			RebuildScriptCaches (32ms)
			SetupLoadedEditorAssemblies (801ms)
				LogAssemblyErrors (0ms)
				InitializePlatformSupportModulesInManaged (532ms)
				SetLoadedEditorAssemblies (0ms)
				RefreshPlugins (108ms)
				BeforeProcessingInitializeOnLoad (1ms)
				ProcessInitializeOnLoadAttributes (108ms)
				ProcessInitializeOnLoadMethodAttributes (51ms)
				AfterProcessingInitializeOnLoad (0ms)
				EditorAssembliesLoaded (0ms)
			ExecutionOrderSort2 (0ms)
			AwakeInstancesAfterBackupRestoration (0ms)
Platform modules already initialized, skipping
Registering precompiled user dll's ...
Registered in 0.020969 seconds.
Begin MonoManager ReloadAssembly
Symbol file LoadedFromMemory doesn't match image D:\UnityProjects1Tb\Galeria3D\Library\PackageCache\com.unity.visualscripting@1.8.0\Editor\VisualScripting.Core\Dependencies\DotNetZip\Unity.VisualScripting.IonicZip.dll
Symbol file LoadedFromMemory doesn't match image D:\UnityProjects1Tb\Galeria3D\Library\PackageCache\com.unity.visualscripting@1.8.0\Editor\VisualScripting.Core\Dependencies\YamlDotNet\Unity.VisualScripting.YamlDotNet.dll
Native extension for WindowsStandalone target not found
Native extension for AppleTV target not found
Native extension for iOS target not found
Native extension for Android target not found
Refreshing native plugins compatible for Editor in 91.69 ms, found 10 plugins.
Preloading 1 native plugins for Editor in 0.05 ms.
Package Manager log level set to [2]
System.Reflection.TargetInvocationException: Exception has been thrown by the target of an invocation. ---> System.NullReferenceException: Object reference not set to an instance of an object
  at Unity.XR.Oculus.OculusLoader.AssetPathToAbsolutePath (System.String assetPath) [0x00040] in D:\UnityProjects1Tb\Galeria3D\Library\PackageCache\com.unity.xr.oculus@3.2.2\Runtime\OculusLoader.cs:296 
  at Unity.XR.Oculus.OculusLoader.EditorLoadOVRPlugin () [0x0007b] in D:\UnityProjects1Tb\Galeria3D\Library\PackageCache\com.unity.xr.oculus@3.2.2\Runtime\OculusLoader.cs:281 
  at (wrapper managed-to-native) System.Reflection.RuntimeMethodInfo.InternalInvoke(System.Reflection.RuntimeMethodInfo,object,object[],System.Exception&)
  at System.Reflection.RuntimeMethodInfo.Invoke (System.Object obj, System.Reflection.BindingFlags invokeAttr, System.Reflection.Binder binder, System.Object[] parameters, System.Globalization.CultureInfo culture) [0x0006a] in <03bd9b261dff4c2b8b568aca27f561b2>:0 
   --- End of inner exception stack trace ---
  at System.Reflection.RuntimeMethodInfo.Invoke (System.Object obj, System.Reflection.BindingFlags invokeAttr, System.Reflection.Binder binder, System.Object[] parameters, System.Globalization.CultureInfo culture) [0x00083] in <03bd9b261dff4c2b8b568aca27f561b2>:0 
  at System.Reflection.MethodBase.Invoke (System.Object obj, System.Object[] parameters) [0x00000] in <03bd9b261dff4c2b8b568aca27f561b2>:0 
  at UnityEditor.EditorAssemblies.ProcessInitializeOnLoadMethodAttributes () [0x000a5] in <7fef092428a04dc89d2aa6ad3ce5d856>:0 
UnityEngine.StackTraceUtility:ExtractStackTrace ()
UnityEngine.DebugLogHandler:LogFormat (UnityEngine.LogType,UnityEngine.Object,string,object[])
UnityEngine.Logger:Log (UnityEngine.LogType,object)
UnityEngine.Debug:LogError (object)
UnityEditor.EditorAssemblies:ProcessInitializeOnLoadMethodAttributes ()

Mono: successfully reloaded assembly
- Completed reload, in  1.438 seconds
Domain Reload Profiling:
	ReloadAssembly (1439ms)
		BeginReloadAssembly (136ms)
			ExecutionOrderSort (0ms)
			DisableScriptedObjects (5ms)
			BackupInstance (0ms)
			ReleaseScriptingObjects (0ms)
			CreateAndSetChildDomain (24ms)
		EndReloadAssembly (1189ms)
			LoadAssemblies (118ms)
			RebuildTransferFunctionScriptingTraits (0ms)
			SetupTypeCache (303ms)
			ReleaseScriptCaches (1ms)
			RebuildScriptCaches (61ms)
			SetupLoadedEditorAssemblies (670ms)
				LogAssemblyErrors (0ms)
				InitializePlatformSupportModulesInManaged (43ms)
				SetLoadedEditorAssemblies (0ms)
				RefreshPlugins (92ms)
				BeforeProcessingInitializeOnLoad (91ms)
				ProcessInitializeOnLoadAttributes (405ms)
				ProcessInitializeOnLoadMethodAttributes (26ms)
				AfterProcessingInitializeOnLoad (12ms)
				EditorAssembliesLoaded (0ms)
			ExecutionOrderSort2 (0ms)
			AwakeInstancesAfterBackupRestoration (7ms)
Platform modules already initialized, skipping
========================================================================
Worker process is ready to serve import requests
Launched and connected shader compiler UnityShaderCompiler.exe after 0.06 seconds
Refreshing native plugins compatible for Editor in 1.09 ms, found 10 plugins.
Preloading 1 native plugins for Editor in 0.08 ms.
Unloading 3793 Unused Serialized files (Serialized files now loaded: 0)
Unloading 132 unused Assets / (114.9 KB). Loaded Objects now: 4169.
Memory consumption went from 138.6 MB to 138.5 MB.
Total: 3.580100 ms (FindLiveObjects: 0.321100 ms CreateObjectMapping: 0.101200 ms MarkObjects: 2.993300 ms  DeleteObjects: 0.163400 ms)

AssetImportParameters requested are different than current active one (requested -> active):
  custom:video-decoder-ogg-theora: a1e56fd34408186e4bbccfd4996cb3dc -> 
  custom:container-muxer-webm: aa71ff27fc2769a1b78a27578f13a17b -> 
  custom:container-demuxer-webm: 4f35f7cbe854078d1ac9338744f61a02 -> 
  custom:video-encoder-webm-vp8: eb34c28f22e8b96e1ab97ce403110664 -> 
  custom:video-codec-MediaFoundation-h265: 746d11721c4dcdbdad8f713fa42b33f4 -> 
  custom:audio-encoder-webm-vorbis: bf7c407c2cedff20999df2af8eb42d56 -> 
  custom:framework-win-MediaFoundation: 216162199b28c13a410421893ffa2e32 -> 
  custom:container-demuxer-ogg: 62fdf1f143b41e24485cea50d1cbac27 -> 
  custom:video-decoder-webm-vp8: 9c59270c3fd7afecdb556c50c9e8de78 -> 
  custom:audio-decoder-ogg-vorbis: bf7c407c2cedff20999df2af8eb42d56 -> 
========================================================================
Received Import Request.
  Time since last request: 86514.423027 seconds.
  path: Assets/todo aqui/Galeria Virtual/models/Galeria Portal 1.skp
  artifactKey: Guid(ba0e9b8b82b535949bb64cba809c66c9) Importer(815301076,1909f56bfc062723c751e8b465ee728b)
Start importing Assets/todo aqui/Galeria Virtual/models/Galeria Portal 1.skp using Guid(ba0e9b8b82b535949bb64cba809c66c9) Importer(815301076,1909f56bfc062723c751e8b465ee728b)  -> (artifact id: '3cc73ccb0c2401c5cfb12ce55bea0771') in 0.902439 seconds 
========================================================================
Received Import Request.
  Time since last request: 0.000057 seconds.
  path: Assets/todo aqui/Galeria Virtual/models/galeria.skp
  artifactKey: Guid(9ac5c02bc64835f41a798c450c59f483) Importer(815301076,1909f56bfc062723c751e8b465ee728b)
Start importing Assets/todo aqui/Galeria Virtual/models/galeria.skp using Guid(9ac5c02bc64835f41a798c450c59f483) Importer(815301076,1909f56bfc062723c751e8b465ee728b)  -> (artifact id: 'd369f0bc565cd0a74ebe7ec81c3bf408') in 0.516863 seconds 
========================================================================
Received Import Request.
  Time since last request: 52.928122 seconds.
  path: Assets/BNG Framework/Materials/Bow.mat
  artifactKey: Guid(2c36e0cdfef270a438af94a5af550b16) Importer(815301076,1909f56bfc062723c751e8b465ee728b)
Start importing Assets/BNG Framework/Materials/Bow.mat using Guid(2c36e0cdfef270a438af94a5af550b16) Importer(815301076,1909f56bfc062723c751e8b465ee728b)  -> (artifact id: 'fd637ee143b52918564e16ba93567105') in 0.087953 seconds 
========================================================================
Received Import Request.
  Time since last request: 1.131832 seconds.
  path: Assets/BNG Framework/Materials/Dark.mat
  artifactKey: Guid(aa26b66d391cacb43a53af023cb72c1d) Importer(815301076,1909f56bfc062723c751e8b465ee728b)
Start importing Assets/BNG Framework/Materials/Dark.mat using Guid(aa26b66d391cacb43a53af023cb72c1d) Importer(815301076,1909f56bfc062723c751e8b465ee728b)  -> (artifact id: '50b4067aae1d84447d6a9ecd3646fec0') in 0.025437 seconds 
========================================================================
Received Import Request.
  Time since last request: 0.000022 seconds.
  path: Assets/BNG Framework/HandPoser/Materials/DebugMaterial3.mat
  artifactKey: Guid(76843dd28b30ee542a02d82692356688) Importer(815301076,1909f56bfc062723c751e8b465ee728b)
Start importing Assets/BNG Framework/HandPoser/Materials/DebugMaterial3.mat using Guid(76843dd28b30ee542a02d82692356688) Importer(815301076,1909f56bfc062723c751e8b465ee728b)  -> (artifact id: '363a8da6613061d59671ce1040681043') in 0.022699 seconds 
========================================================================
Received Import Request.
  Time since last request: 0.000024 seconds.
  path: Assets/BNG Framework/HandPoser/Materials/DebugMaterial1.mat
  artifactKey: Guid(f126470cb8db77746944ae337ae6cb38) Importer(815301076,1909f56bfc062723c751e8b465ee728b)
Start importing Assets/BNG Framework/HandPoser/Materials/DebugMaterial1.mat using Guid(f126470cb8db77746944ae337ae6cb38) Importer(815301076,1909f56bfc062723c751e8b465ee728b)  -> (artifact id: 'c601787d10ff87480087b5fc7b294923') in 0.023224 seconds 
========================================================================
Received Import Request.
  Time since last request: 0.000037 seconds.
  path: Assets/BNG Framework/Materials/DrawMaterial.mat
  artifactKey: Guid(f319b406b1003d142932b7a68f0028df) Importer(815301076,1909f56bfc062723c751e8b465ee728b)
Start importing Assets/BNG Framework/Materials/DrawMaterial.mat using Guid(f319b406b1003d142932b7a68f0028df) Importer(815301076,1909f56bfc062723c751e8b465ee728b)  -> (artifact id: '9e974773e1eeb45fc5e772ab5cc7989e') in 0.033505 seconds 
========================================================================
Received Import Request.
  Time since last request: 0.000038 seconds.
  path: Assets/BNG Framework/HandPoser/Materials/fully_gloved_solid 1.mat
  artifactKey: Guid(3d48295bccb3f2f40b688ef8f401137a) Importer(815301076,1909f56bfc062723c751e8b465ee728b)
Start importing Assets/BNG Framework/HandPoser/Materials/fully_gloved_solid 1.mat using Guid(3d48295bccb3f2f40b688ef8f401137a) Importer(815301076,1909f56bfc062723c751e8b465ee728b)  -> (artifact id: '2829f669928e6f8bbdd69351f91126e3') in 0.180187 seconds 
========================================================================
Received Import Request.
  Time since last request: 0.000039 seconds.
  path: Assets/BNG Framework/HandPoser/Materials/fully_gloved_SHD.mat
  artifactKey: Guid(0b07c337f1845ca448c029c2db157c7f) Importer(815301076,1909f56bfc062723c751e8b465ee728b)
Start importing Assets/BNG Framework/HandPoser/Materials/fully_gloved_SHD.mat using Guid(0b07c337f1845ca448c029c2db157c7f) Importer(815301076,1909f56bfc062723c751e8b465ee728b)  -> (artifact id: '88b1cc0c42a08ac3b3b349af929154b9') in 0.178914 seconds 
========================================================================
Received Import Request.
  Time since last request: 0.000029 seconds.
  path: Assets/BNG Framework/HandPoser/Materials/gloved_SHD.mat
  artifactKey: Guid(c3333871135e1d7468713a56d7822fef) Importer(815301076,1909f56bfc062723c751e8b465ee728b)
Start importing Assets/BNG Framework/HandPoser/Materials/gloved_SHD.mat using Guid(c3333871135e1d7468713a56d7822fef) Importer(815301076,1909f56bfc062723c751e8b465ee728b)  -> (artifact id: 'fb515903c225dbd7cfb34eeb05f5a3ba') in 0.338471 seconds 
========================================================================
Received Import Request.
  Time since last request: 0.000046 seconds.
  path: Assets/BNG Framework/HandPoser/Materials/gloves_half.mat
  artifactKey: Guid(80489b8bed8bd21418939d3b622ff068) Importer(815301076,1909f56bfc062723c751e8b465ee728b)
Start importing Assets/BNG Framework/HandPoser/Materials/gloves_half.mat using Guid(80489b8bed8bd21418939d3b622ff068) Importer(815301076,1909f56bfc062723c751e8b465ee728b)  -> (artifact id: 'aeb70ea6f050bfbb8e6fb7400c42765d') in 0.023281 seconds 
========================================================================
Received Import Request.
  Time since last request: 0.000022 seconds.
  path: Assets/BNG Framework/Materials/GridTurquiose.mat
  artifactKey: Guid(810568a8d5fe6de4490cd0917434da40) Importer(815301076,1909f56bfc062723c751e8b465ee728b)
Start importing Assets/BNG Framework/Materials/GridTurquiose.mat using Guid(810568a8d5fe6de4490cd0917434da40) Importer(815301076,1909f56bfc062723c751e8b465ee728b)  -> (artifact id: 'cbdfd82b1d966c097aa550fdba54bcdf') in 0.041733 seconds 
========================================================================
Received Import Request.
  Time since last request: 0.000029 seconds.
  path: Assets/TextMesh Pro/Resources/Fonts & Materials/LiberationSans SDF - Outline.mat
  artifactKey: Guid(79459efec17a4d00a321bdcc27bbc385) Importer(815301076,1909f56bfc062723c751e8b465ee728b)
Start importing Assets/TextMesh Pro/Resources/Fonts & Materials/LiberationSans SDF - Outline.mat using Guid(79459efec17a4d00a321bdcc27bbc385) Importer(815301076,1909f56bfc062723c751e8b465ee728b)  -> (artifact id: 'e16b1cd859afae5e32edb046339419a4') in 0.104936 seconds 
========================================================================
Received Import Request.
  Time since last request: 0.000030 seconds.
  path: Assets/BNG Framework/Models/BNG_Door_Wood.fbx
  artifactKey: Guid(9c02fb022ecc229439313ddae3d64fd1) Importer(815301076,1909f56bfc062723c751e8b465ee728b)
Start importing Assets/BNG Framework/Models/BNG_Door_Wood.fbx using Guid(9c02fb022ecc229439313ddae3d64fd1) Importer(815301076,1909f56bfc062723c751e8b465ee728b)  -> (artifact id: '2d56ba15a4ca8a483fa4e8f6be50ed51') in 0.099952 seconds 
========================================================================
Received Import Request.
  Time since last request: 0.000039 seconds.
  path: Assets/BNG Framework/Models/Oculus/OculusTouchForRift/left_touch_controller_model_skel.fbx
  artifactKey: Guid(c3ba18e9fa5e9104098cbdbb3e23a5b4) Importer(815301076,1909f56bfc062723c751e8b465ee728b)
Start importing Assets/BNG Framework/Models/Oculus/OculusTouchForRift/left_touch_controller_model_skel.fbx using Guid(c3ba18e9fa5e9104098cbdbb3e23a5b4) Importer(815301076,1909f56bfc062723c751e8b465ee728b)  -> (artifact id: '8c1d50d7de98fe1e61cee5c74f888a8d') in 0.221377 seconds 
========================================================================
Received Import Request.
  Time since last request: 0.000051 seconds.
  path: Assets/BNG Framework/Models/Oculus/OculusTouchForQuestAndRiftS/Materials/OculusTouchForQuestAndRiftS_Material.mat
  artifactKey: Guid(01ac879f6ce09924e9c26663f798beaf) Importer(815301076,1909f56bfc062723c751e8b465ee728b)
Start importing Assets/BNG Framework/Models/Oculus/OculusTouchForQuestAndRiftS/Materials/OculusTouchForQuestAndRiftS_Material.mat using Guid(01ac879f6ce09924e9c26663f798beaf) Importer(815301076,1909f56bfc062723c751e8b465ee728b)  -> (artifact id: '2fde0f87b4bc41d99aa56980e35375a7') in 0.022137 seconds 
========================================================================
Received Import Request.
  Time since last request: 0.000033 seconds.
  path: Assets/TextMesh Pro/Resources/Fonts & Materials/LiberationSans SDF - Drop Shadow.mat
  artifactKey: Guid(e73a58f6e2794ae7b1b7e50b7fb811b0) Importer(815301076,1909f56bfc062723c751e8b465ee728b)
Start importing Assets/TextMesh Pro/Resources/Fonts & Materials/LiberationSans SDF - Drop Shadow.mat using Guid(e73a58f6e2794ae7b1b7e50b7fb811b0) Importer(815301076,1909f56bfc062723c751e8b465ee728b)  -> (artifact id: '1babd4ba8b74d5bde947ee16f4e5474d') in 0.092655 seconds 
========================================================================
Received Import Request.
  Time since last request: 0.000028 seconds.
  path: Assets/BNG Framework/Models/Oculus/OculusTouchForQuest2/Materials/OculusTouchForQuest2_Right.mat
  artifactKey: Guid(0cd3ed1aad0963f4a8819e086ec6909f) Importer(815301076,1909f56bfc062723c751e8b465ee728b)
Start importing Assets/BNG Framework/Models/Oculus/OculusTouchForQuest2/Materials/OculusTouchForQuest2_Right.mat using Guid(0cd3ed1aad0963f4a8819e086ec6909f) Importer(815301076,1909f56bfc062723c751e8b465ee728b)  -> (artifact id: '93b675aed0a497750eed2b152a249e92') in 0.166258 seconds 
========================================================================
Received Import Request.
  Time since last request: 0.000031 seconds.
  path: Assets/BNG Framework/Models/Oculus/OculusTouchForQuest2/Materials/OculusTouchForQuest2_Left.mat
  artifactKey: Guid(9ec1bc286fd619a4684490e761da7545) Importer(815301076,1909f56bfc062723c751e8b465ee728b)
Start importing Assets/BNG Framework/Models/Oculus/OculusTouchForQuest2/Materials/OculusTouchForQuest2_Left.mat using Guid(9ec1bc286fd619a4684490e761da7545) Importer(815301076,1909f56bfc062723c751e8b465ee728b)  -> (artifact id: 'edf274945ac4d9be4d851a206dd1a49e') in 0.034803 seconds 
========================================================================
Received Import Request.
  Time since last request: 0.000041 seconds.
  path: Assets/BNG Framework/Models/Oculus/OculusTouchForRift/Materials/OculusTouchForRift_Material.mat
  artifactKey: Guid(eacafe280fdfa6a44845c135057ae6a5) Importer(815301076,1909f56bfc062723c751e8b465ee728b)
Start importing Assets/BNG Framework/Models/Oculus/OculusTouchForRift/Materials/OculusTouchForRift_Material.mat using Guid(eacafe280fdfa6a44845c135057ae6a5) Importer(815301076,1909f56bfc062723c751e8b465ee728b)  -> (artifact id: 'cc43b227d78d795d6c942da2155ffacc') in 0.018718 seconds 
========================================================================
Received Import Request.
  Time since last request: 0.000028 seconds.
  path: Assets/BNG Framework/Models/BNG_Door_Metal_Double.fbx
  artifactKey: Guid(7fab7fb6edfa0014b9b22e4ff2177ff7) Importer(815301076,1909f56bfc062723c751e8b465ee728b)
Start importing Assets/BNG Framework/Models/BNG_Door_Metal_Double.fbx using Guid(7fab7fb6edfa0014b9b22e4ff2177ff7) Importer(815301076,1909f56bfc062723c751e8b465ee728b)  -> (artifact id: '003c52ee397b0d8c27710710b6dc3dbd') in 0.089404 seconds 
========================================================================
Received Import Request.
  Time since last request: 0.000036 seconds.
  path: Assets/BNG Framework/Materials/Metal.mat
  artifactKey: Guid(63c92fe1c18deff44ab8c6be21543b83) Importer(815301076,1909f56bfc062723c751e8b465ee728b)
Start importing Assets/BNG Framework/Materials/Metal.mat using Guid(63c92fe1c18deff44ab8c6be21543b83) Importer(815301076,1909f56bfc062723c751e8b465ee728b)  -> (artifact id: '5986ed612f26ba20aedcf71f5174b2de') in 0.120740 seconds 
========================================================================
Received Import Request.
  Time since last request: 0.000041 seconds.
  path: Assets/BNG Framework/Materials/GridNavyDark.mat
  artifactKey: Guid(da784f6b5cf7dcd42be638248c6086cb) Importer(815301076,1909f56bfc062723c751e8b465ee728b)
Start importing Assets/BNG Framework/Materials/GridNavyDark.mat using Guid(da784f6b5cf7dcd42be638248c6086cb) Importer(815301076,1909f56bfc062723c751e8b465ee728b)  -> (artifact id: '8dc97dfedd255220d7b5eeea6f7da016') in 0.029245 seconds 
========================================================================
Received Import Request.
  Time since last request: 0.000045 seconds.
  path: Assets/BNG Framework/HandPoser/Materials/gloved_solid.mat
  artifactKey: Guid(4264e65d44d3a3b43ac3b51fdb19e8ec) Importer(815301076,1909f56bfc062723c751e8b465ee728b)
Start importing Assets/BNG Framework/HandPoser/Materials/gloved_solid.mat using Guid(4264e65d44d3a3b43ac3b51fdb19e8ec) Importer(815301076,1909f56bfc062723c751e8b465ee728b)  -> (artifact id: '96b316f6ca107edf17fac3f5abddea7a') in 0.105717 seconds 
========================================================================
Received Import Request.
  Time since last request: 0.000030 seconds.
  path: Assets/BNG Framework/Models/BNG_Door_Wood_Slide.fbx
  artifactKey: Guid(37c9158263a1e1e4da11ed32c08bee7a) Importer(815301076,1909f56bfc062723c751e8b465ee728b)
Start importing Assets/BNG Framework/Models/BNG_Door_Wood_Slide.fbx using Guid(37c9158263a1e1e4da11ed32c08bee7a) Importer(815301076,1909f56bfc062723c751e8b465ee728b)  -> (artifact id: '649f0d7f5adf09ff6a03060f92682a73') in 0.051923 seconds 
========================================================================
Received Import Request.
  Time since last request: 0.000027 seconds.
  path: Assets/BNG Framework/Materials/GridTeal.mat
  artifactKey: Guid(4b5eff3cbe1173f4f8fa582af7aa1c97) Importer(815301076,1909f56bfc062723c751e8b465ee728b)
Start importing Assets/BNG Framework/Materials/GridTeal.mat using Guid(4b5eff3cbe1173f4f8fa582af7aa1c97) Importer(815301076,1909f56bfc062723c751e8b465ee728b)  -> (artifact id: '785e3b7771eb404a6b0ad9d3bda1a300') in 0.035965 seconds 
========================================================================
Received Import Request.
  Time since last request: 0.000039 seconds.
  path: Assets/BNG Framework/Materials/GridBlack.mat
  artifactKey: Guid(9eaba6addf8855b4682d6da44b1d7ed7) Importer(815301076,1909f56bfc062723c751e8b465ee728b)
Start importing Assets/BNG Framework/Materials/GridBlack.mat using Guid(9eaba6addf8855b4682d6da44b1d7ed7) Importer(815301076,1909f56bfc062723c751e8b465ee728b)  -> (artifact id: '589e2f72ef1f1528643e7ba453e6d977') in 0.019673 seconds 
========================================================================
Received Import Request.
  Time since last request: 0.000034 seconds.
  path: Assets/BNG Framework/Materials/Hands.mat
  artifactKey: Guid(2b05af5d3ec82b449951bd474350cc21) Importer(815301076,1909f56bfc062723c751e8b465ee728b)
Start importing Assets/BNG Framework/Materials/Hands.mat using Guid(2b05af5d3ec82b449951bd474350cc21) Importer(815301076,1909f56bfc062723c751e8b465ee728b)  -> (artifact id: 'fcac90c5469a0562f4c22804a611a156') in 0.076395 seconds 
========================================================================
Received Import Request.
  Time since last request: 0.000021 seconds.
  path: Assets/BNG Framework/Models/BNG_Gun_Pistol.fbx
  artifactKey: Guid(5a96c67ccd3ffaa48bbcb276eb4267ad) Importer(815301076,1909f56bfc062723c751e8b465ee728b)
Start importing Assets/BNG Framework/Models/BNG_Gun_Pistol.fbx using Guid(5a96c67ccd3ffaa48bbcb276eb4267ad) Importer(815301076,1909f56bfc062723c751e8b465ee728b)  -> (artifact id: '42df49507da0f3a3937b697e256daffe') in 0.116126 seconds 
========================================================================
Received Import Request.
  Time since last request: 0.000030 seconds.
  path: Assets/BNG Framework/Models/Oculus/OculusTouchForQuest2/Materials/OculusTouchForQuest2_MAT.mat
  artifactKey: Guid(d7292a5e1ae17a64c95f3081d2c6be5a) Importer(815301076,1909f56bfc062723c751e8b465ee728b)
Start importing Assets/BNG Framework/Models/Oculus/OculusTouchForQuest2/Materials/OculusTouchForQuest2_MAT.mat using Guid(d7292a5e1ae17a64c95f3081d2c6be5a) Importer(815301076,1909f56bfc062723c751e8b465ee728b)  -> (artifact id: '8a715a0ee4553336411ca306c997c161') in 0.026682 seconds 
Editor requested this worker to shutdown with reason: Scaling down because of idle timeout
AssetImportWorker is now disconnected from the server
Process exiting
Exiting without the bug reporter. Application will terminate with return code 0